<?xml version="1.0" encoding="UTF-8"?>
<!-- Generated by org.testng.reporters.JUnitXMLReporter -->
<testsuite ignored="0" hostname="DESKTOP-FIG0BF1" failures="0" tests="3" name="Test" time="49.98" errors="0" timestamp="2022-09-18T10:01:44 IST">
  <testcase classname="testcases.SimplilearnLoginTest" name="Test1" time="8.502"/>
  <testcase classname="testcases.SimplilearnLoginTest" name="Test2" time="11.868"/>
  <testcase classname="testcases.SimplilearnLoginTest" name="Test3" time="11.307"/>
</testsuite> <!-- Test -->
