<?xml version="1.0" encoding="UTF-8"?>
<!-- Generated by org.testng.reporters.JUnitXMLReporter -->
<testsuite ignored="0" hostname="DESKTOP-FIG0BF1" failures="0" tests="3" name="Test" time="35.156" errors="0" timestamp="2022-10-12T12:43:20 IST">
  <testcase classname="testcases.SimplilearnLoginTest" name="Test1" time="8.076"/>
  <testcase classname="testcases.SimplilearnLoginTest" name="Test2" time="5.832"/>
  <testcase classname="testcases.SimplilearnLoginTest" name="Test3" time="6.855"/>
</testsuite> <!-- Test -->
