<?xml version="1.0" encoding="UTF-8"?>
<!-- Generated by org.testng.reporters.JUnitXMLReporter -->
<testsuite ignored="0" hostname="DESKTOP-FIG0BF1" failures="0" tests="3" name="Test" time="39.739" errors="0" timestamp="2022-09-18T12:07:21 IST">
  <testcase classname="testcases.SimplilearnLoginTest" name="Test1" time="9.146"/>
  <testcase classname="testcases.SimplilearnLoginTest" name="Test2" time="8.271"/>
  <testcase classname="testcases.SimplilearnLoginTest" name="Test3" time="7.934"/>
</testsuite> <!-- Test -->
