<?xml version="1.0" encoding="UTF-8"?>
<testsuite xmlns:xsi="http://www.w3.org/2001/XMLSchema-instance" xsi:noNamespaceSchemaLocation="https://maven.apache.org/surefire/maven-surefire-plugin/xsd/surefire-test-report-3.0.xsd" version="3.0" name="TestSuite" time="6.879" tests="9" errors="0" skipped="7" failures="2">
  <properties>
[...]
</properties>
  <testcase name="SetUp" classname="testcases.HomeTest" time="4.601">
    <failure message="session not created: This version of ChromeDriver only supports Chrome version 106&#10;Current browser version is 105.0.5195.102 with binary path C:\Program Files\Google\Chrome\Application\chrome.exe&#10;Build info: version: &apos;3.141.59&apos;, revision: &apos;e82be7d358&apos;, time: &apos;2018-11-14T08:17:03&apos;&#10;System info: host: &apos;DESKTOP-FIG0BF1&apos;, ip: &apos;192.168.0.109&apos;, os.name: &apos;Windows 10&apos;, os.arch: &apos;amd64&apos;, os.version: &apos;10.0&apos;, java.version: &apos;1.8.0_333&apos;&#10;Driver info: driver.version: ChromeDriver&#10;remote stacktrace: Backtrace:&#10;	Ordinal0 [0x006D1353+2233171]&#10;	Ordinal0 [0x00668E31+1805873]&#10;	Ordinal0 [0x005766FD+812797]&#10;	Ordinal0 [0x00598C6D+953453]&#10;	Ordinal0 [0x00594200+934400]&#10;	Ordinal0 [0x005919C9+924105]&#10;	Ordinal0 [0x005C806C+1146988]&#10;	Ordinal0 [0x005C7A6A+1145450]&#10;	Ordinal0 [0x005C18A6+1120422]&#10;	Ordinal0 [0x0059A73D+960317]&#10;	Ordinal0 [0x0059B71F+964383]&#10;	GetHandleVerifier [0x0097A2C2+2728322]&#10;	GetHandleVerifier [0x0096C184+2670660]&#10;	GetHandleVerifier [0x0076102A+528106]&#10;	GetHandleVerifier [0x0075FE10+523472]&#10;	Ordinal0 [0x0067028C+1835660]&#10;	Ordinal0 [0x00674758+1853272]&#10;	Ordinal0 [0x00674845+1853509]&#10;	Ordinal0 [0x0067E7E4+1894372]&#10;	BaseThreadInitThunk [0x7763FA29+25]&#10;	RtlGetAppContainerNamedObjectPath [0x77E47A9E+286]&#10;	RtlGetAppContainerNamedObjectPath [0x77E47A6E+238]&#10;" type="org.openqa.selenium.SessionNotCreatedException"><![CDATA[org.openqa.selenium.SessionNotCreatedException: 
session not created: This version of ChromeDriver only supports Chrome version 106
Current browser version is 105.0.5195.102 with binary path C:\Program Files\Google\Chrome\Application\chrome.exe
Build info: version: '3.141.59', revision: 'e82be7d358', time: '2018-11-14T08:17:03'
System info: host: 'DESKTOP-FIG0BF1', ip: '192.168.0.109', os.name: 'Windows 10', os.arch: 'amd64', os.version: '10.0', java.version: '1.8.0_333'
Driver info: driver.version: ChromeDriver
remote stacktrace: Backtrace:
	Ordinal0 [0x006D1353+2233171]
	Ordinal0 [0x00668E31+1805873]
	Ordinal0 [0x005766FD+812797]
	Ordinal0 [0x00598C6D+953453]
	Ordinal0 [0x00594200+934400]
	Ordinal0 [0x005919C9+924105]
	Ordinal0 [0x005C806C+1146988]
	Ordinal0 [0x005C7A6A+1145450]
	Ordinal0 [0x005C18A6+1120422]
	Ordinal0 [0x0059A73D+960317]
	Ordinal0 [0x0059B71F+964383]
	GetHandleVerifier [0x0097A2C2+2728322]
	GetHandleVerifier [0x0096C184+2670660]
	GetHandleVerifier [0x0076102A+528106]
	GetHandleVerifier [0x0075FE10+523472]
	Ordinal0 [0x0067028C+1835660]
	Ordinal0 [0x00674758+1853272]
	Ordinal0 [0x00674845+1853509]
	Ordinal0 [0x0067E7E4+1894372]
	BaseThreadInitThunk [0x7763FA29+25]
	RtlGetAppContainerNamedObjectPath [0x77E47A9E+286]
	RtlGetAppContainerNamedObjectPath [0x77E47A6E+238]

]]></failure>
    <system-err><![CDATA[SLF4J: Failed to load class "org.slf4j.impl.StaticLoggerBinder".
SLF4J: Defaulting to no-operation (NOP) logger implementation
SLF4J: See http://www.slf4j.org/codes.html#StaticLoggerBinder for further details.
Starting ChromeDriver 106.0.5249.21 (71f4e2c9a6f38f5550a8ea29a984a08304554956-refs/branch-heads/5249@{#228}) on port 40038
Only local connections are allowed.
Please see https://chromedriver.chromium.org/security-considerations for suggestions on keeping ChromeDriver safe.
ChromeDriver was started successfully.
]]></system-err>
  </testcase>
  <testcase name="TearDown" classname="testcases.HomeTest" time="0">
    <skipped/>
  </testcase>
  <testcase name="Test3" classname="testcases.HomeTest" time="0">
    <skipped message="session not created: This version of ChromeDriver only supports Chrome version 106&#10;Current browser version is 105.0.5195.102 with binary path C:\Program Files\Google\Chrome\Application\chrome.exe&#10;Build info: version: &apos;3.141.59&apos;, revision: &apos;e82be7d358&apos;, time: &apos;2018-11-14T08:17:03&apos;&#10;System info: host: &apos;DESKTOP-FIG0BF1&apos;, ip: &apos;192.168.0.109&apos;, os.name: &apos;Windows 10&apos;, os.arch: &apos;amd64&apos;, os.version: &apos;10.0&apos;, java.version: &apos;1.8.0_333&apos;&#10;Driver info: driver.version: ChromeDriver&#10;remote stacktrace: Backtrace:&#10;	Ordinal0 [0x006D1353+2233171]&#10;	Ordinal0 [0x00668E31+1805873]&#10;	Ordinal0 [0x005766FD+812797]&#10;	Ordinal0 [0x00598C6D+953453]&#10;	Ordinal0 [0x00594200+934400]&#10;	Ordinal0 [0x005919C9+924105]&#10;	Ordinal0 [0x005C806C+1146988]&#10;	Ordinal0 [0x005C7A6A+1145450]&#10;	Ordinal0 [0x005C18A6+1120422]&#10;	Ordinal0 [0x0059A73D+960317]&#10;	Ordinal0 [0x0059B71F+964383]&#10;	GetHandleVerifier [0x0097A2C2+2728322]&#10;	GetHandleVerifier [0x0096C184+2670660]&#10;	GetHandleVerifier [0x0076102A+528106]&#10;	GetHandleVerifier [0x0075FE10+523472]&#10;	Ordinal0 [0x0067028C+1835660]&#10;	Ordinal0 [0x00674758+1853272]&#10;	Ordinal0 [0x00674845+1853509]&#10;	Ordinal0 [0x0067E7E4+1894372]&#10;	BaseThreadInitThunk [0x7763FA29+25]&#10;	RtlGetAppContainerNamedObjectPath [0x77E47A9E+286]&#10;	RtlGetAppContainerNamedObjectPath [0x77E47A6E+238]&#10;"/>
  </testcase>
  <testcase name="SetUp" classname="testcases.SimplilearnLoginTest" time="2.142">
    <failure message="session not created: This version of ChromeDriver only supports Chrome version 106&#10;Current browser version is 105.0.5195.102 with binary path C:\Program Files\Google\Chrome\Application\chrome.exe&#10;Build info: version: &apos;3.141.59&apos;, revision: &apos;e82be7d358&apos;, time: &apos;2018-11-14T08:17:03&apos;&#10;System info: host: &apos;DESKTOP-FIG0BF1&apos;, ip: &apos;192.168.0.109&apos;, os.name: &apos;Windows 10&apos;, os.arch: &apos;amd64&apos;, os.version: &apos;10.0&apos;, java.version: &apos;1.8.0_333&apos;&#10;Driver info: driver.version: ChromeDriver&#10;remote stacktrace: Backtrace:&#10;	Ordinal0 [0x006D1353+2233171]&#10;	Ordinal0 [0x00668E31+1805873]&#10;	Ordinal0 [0x005766FD+812797]&#10;	Ordinal0 [0x00598C6D+953453]&#10;	Ordinal0 [0x00594200+934400]&#10;	Ordinal0 [0x005919C9+924105]&#10;	Ordinal0 [0x005C806C+1146988]&#10;	Ordinal0 [0x005C7A6A+1145450]&#10;	Ordinal0 [0x005C18A6+1120422]&#10;	Ordinal0 [0x0059A73D+960317]&#10;	Ordinal0 [0x0059B71F+964383]&#10;	GetHandleVerifier [0x0097A2C2+2728322]&#10;	GetHandleVerifier [0x0096C184+2670660]&#10;	GetHandleVerifier [0x0076102A+528106]&#10;	GetHandleVerifier [0x0075FE10+523472]&#10;	Ordinal0 [0x0067028C+1835660]&#10;	Ordinal0 [0x00674758+1853272]&#10;	Ordinal0 [0x00674845+1853509]&#10;	Ordinal0 [0x0067E7E4+1894372]&#10;	BaseThreadInitThunk [0x7763FA29+25]&#10;	RtlGetAppContainerNamedObjectPath [0x77E47A9E+286]&#10;	RtlGetAppContainerNamedObjectPath [0x77E47A6E+238]&#10;" type="org.openqa.selenium.SessionNotCreatedException"><![CDATA[org.openqa.selenium.SessionNotCreatedException: 
session not created: This version of ChromeDriver only supports Chrome version 106
Current browser version is 105.0.5195.102 with binary path C:\Program Files\Google\Chrome\Application\chrome.exe
Build info: version: '3.141.59', revision: 'e82be7d358', time: '2018-11-14T08:17:03'
System info: host: 'DESKTOP-FIG0BF1', ip: '192.168.0.109', os.name: 'Windows 10', os.arch: 'amd64', os.version: '10.0', java.version: '1.8.0_333'
Driver info: driver.version: ChromeDriver
remote stacktrace: Backtrace:
	Ordinal0 [0x006D1353+2233171]
	Ordinal0 [0x00668E31+1805873]
	Ordinal0 [0x005766FD+812797]
	Ordinal0 [0x00598C6D+953453]
	Ordinal0 [0x00594200+934400]
	Ordinal0 [0x005919C9+924105]
	Ordinal0 [0x005C806C+1146988]
	Ordinal0 [0x005C7A6A+1145450]
	Ordinal0 [0x005C18A6+1120422]
	Ordinal0 [0x0059A73D+960317]
	Ordinal0 [0x0059B71F+964383]
	GetHandleVerifier [0x0097A2C2+2728322]
	GetHandleVerifier [0x0096C184+2670660]
	GetHandleVerifier [0x0076102A+528106]
	GetHandleVerifier [0x0075FE10+523472]
	Ordinal0 [0x0067028C+1835660]
	Ordinal0 [0x00674758+1853272]
	Ordinal0 [0x00674845+1853509]
	Ordinal0 [0x0067E7E4+1894372]
	BaseThreadInitThunk [0x7763FA29+25]
	RtlGetAppContainerNamedObjectPath [0x77E47A9E+286]
	RtlGetAppContainerNamedObjectPath [0x77E47A6E+238]

]]></failure>
    <system-err><![CDATA[Starting ChromeDriver 106.0.5249.21 (71f4e2c9a6f38f5550a8ea29a984a08304554956-refs/branch-heads/5249@{#228}) on port 28460
Only local connections are allowed.
Please see https://chromedriver.chromium.org/security-considerations for suggestions on keeping ChromeDriver safe.
ChromeDriver was started successfully.
]]></system-err>
  </testcase>
  <testcase name="SetUp" classname="testcases.SimplilearnLoginTest" time="0">
    <skipped/>
  </testcase>
  <testcase name="TearDown" classname="testcases.SimplilearnLoginTest" time="0">
    <skipped/>
  </testcase>
  <testcase name="TearDown" classname="testcases.SimplilearnLoginTest" time="0">
    <skipped/>
  </testcase>
  <testcase name="Test1" classname="testcases.SimplilearnLoginTest" time="0">
    <skipped message="session not created: This version of ChromeDriver only supports Chrome version 106&#10;Current browser version is 105.0.5195.102 with binary path C:\Program Files\Google\Chrome\Application\chrome.exe&#10;Build info: version: &apos;3.141.59&apos;, revision: &apos;e82be7d358&apos;, time: &apos;2018-11-14T08:17:03&apos;&#10;System info: host: &apos;DESKTOP-FIG0BF1&apos;, ip: &apos;192.168.0.109&apos;, os.name: &apos;Windows 10&apos;, os.arch: &apos;amd64&apos;, os.version: &apos;10.0&apos;, java.version: &apos;1.8.0_333&apos;&#10;Driver info: driver.version: ChromeDriver&#10;remote stacktrace: Backtrace:&#10;	Ordinal0 [0x006D1353+2233171]&#10;	Ordinal0 [0x00668E31+1805873]&#10;	Ordinal0 [0x005766FD+812797]&#10;	Ordinal0 [0x00598C6D+953453]&#10;	Ordinal0 [0x00594200+934400]&#10;	Ordinal0 [0x005919C9+924105]&#10;	Ordinal0 [0x005C806C+1146988]&#10;	Ordinal0 [0x005C7A6A+1145450]&#10;	Ordinal0 [0x005C18A6+1120422]&#10;	Ordinal0 [0x0059A73D+960317]&#10;	Ordinal0 [0x0059B71F+964383]&#10;	GetHandleVerifier [0x0097A2C2+2728322]&#10;	GetHandleVerifier [0x0096C184+2670660]&#10;	GetHandleVerifier [0x0076102A+528106]&#10;	GetHandleVerifier [0x0075FE10+523472]&#10;	Ordinal0 [0x0067028C+1835660]&#10;	Ordinal0 [0x00674758+1853272]&#10;	Ordinal0 [0x00674845+1853509]&#10;	Ordinal0 [0x0067E7E4+1894372]&#10;	BaseThreadInitThunk [0x7763FA29+25]&#10;	RtlGetAppContainerNamedObjectPath [0x77E47A9E+286]&#10;	RtlGetAppContainerNamedObjectPath [0x77E47A6E+238]&#10;"/>
  </testcase>
  <testcase name="Test2" classname="testcases.SimplilearnLoginTest" time="0">
    <skipped message="session not created: This version of ChromeDriver only supports Chrome version 106&#10;Current browser version is 105.0.5195.102 with binary path C:\Program Files\Google\Chrome\Application\chrome.exe&#10;Build info: version: &apos;3.141.59&apos;, revision: &apos;e82be7d358&apos;, time: &apos;2018-11-14T08:17:03&apos;&#10;System info: host: &apos;DESKTOP-FIG0BF1&apos;, ip: &apos;192.168.0.109&apos;, os.name: &apos;Windows 10&apos;, os.arch: &apos;amd64&apos;, os.version: &apos;10.0&apos;, java.version: &apos;1.8.0_333&apos;&#10;Driver info: driver.version: ChromeDriver&#10;remote stacktrace: Backtrace:&#10;	Ordinal0 [0x006D1353+2233171]&#10;	Ordinal0 [0x00668E31+1805873]&#10;	Ordinal0 [0x005766FD+812797]&#10;	Ordinal0 [0x00598C6D+953453]&#10;	Ordinal0 [0x00594200+934400]&#10;	Ordinal0 [0x005919C9+924105]&#10;	Ordinal0 [0x005C806C+1146988]&#10;	Ordinal0 [0x005C7A6A+1145450]&#10;	Ordinal0 [0x005C18A6+1120422]&#10;	Ordinal0 [0x0059A73D+960317]&#10;	Ordinal0 [0x0059B71F+964383]&#10;	GetHandleVerifier [0x0097A2C2+2728322]&#10;	GetHandleVerifier [0x0096C184+2670660]&#10;	GetHandleVerifier [0x0076102A+528106]&#10;	GetHandleVerifier [0x0075FE10+523472]&#10;	Ordinal0 [0x0067028C+1835660]&#10;	Ordinal0 [0x00674758+1853272]&#10;	Ordinal0 [0x00674845+1853509]&#10;	Ordinal0 [0x0067E7E4+1894372]&#10;	BaseThreadInitThunk [0x7763FA29+25]&#10;	RtlGetAppContainerNamedObjectPath [0x77E47A9E+286]&#10;	RtlGetAppContainerNamedObjectPath [0x77E47A6E+238]&#10;"/>
  </testcase>
</testsuite>