<?xml version="1.0" encoding="UTF-8"?>
<testng-results ignored="0" total="3" passed="3" failed="0" skipped="0">
  <reporter-output>
  </reporter-output>
  <suite started-at="2022-09-18T12:06:42 IST" name="Suite" finished-at="2022-09-18T12:07:21 IST" duration-ms="39739">
    <groups>
    </groups>
    <test started-at="2022-09-18T12:06:42 IST" name="Test" finished-at="2022-09-18T12:07:21 IST" duration-ms="39739">
      <class name="testcases.SimplilearnLoginTest">
        <test-method is-config="true" signature="DataSetUp()[pri:0, instance:testcases.SimplilearnLoginTest@212b5695]" started-at="2022-09-18T12:06:41 IST" name="DataSetUp" finished-at="2022-09-18T12:06:42 IST" duration-ms="1148" status="PASS">
          <reporter-output>
          </reporter-output>
        </test-method> <!-- DataSetUp -->
        <test-method is-config="true" signature="SetUp(java.lang.reflect.Method)[pri:0, instance:testcases.SimplilearnLoginTest@212b5695]" started-at="2022-09-18T12:06:42 IST" name="SetUp" finished-at="2022-09-18T12:06:46 IST" duration-ms="4682" status="PASS">
          <params>
            <param index="0">
              <value>
                <![CDATA[public void testcases.SimplilearnLoginTest.Test1(java.lang.String,java.lang.String)]]>
              </value>
            </param>
          </params>
          <reporter-output>
          </reporter-output>
        </test-method> <!-- SetUp -->
        <test-method signature="Test1(java.lang.String,java.lang.String)[pri:0, instance:testcases.SimplilearnLoginTest@212b5695]" started-at="2022-09-18T12:06:46 IST" name="Test1" finished-at="2022-09-18T12:06:56 IST" duration-ms="9146" status="PASS">
          <params>
            <param index="0">
              <value>
                <![CDATA[abc@xyz.com]]>
              </value>
            </param>
            <param index="1">
              <value>
                <![CDATA[Abc@1234]]>
              </value>
            </param>
          </params>
          <reporter-output>
          </reporter-output>
        </test-method> <!-- Test1 -->
        <test-method is-config="true" signature="TearDown()[pri:0, instance:testcases.SimplilearnLoginTest@212b5695]" started-at="2022-09-18T12:06:56 IST" name="TearDown" finished-at="2022-09-18T12:06:56 IST" duration-ms="112" status="PASS">
          <reporter-output>
          </reporter-output>
        </test-method> <!-- TearDown -->
        <test-method is-config="true" signature="SetUp(java.lang.reflect.Method)[pri:0, instance:testcases.SimplilearnLoginTest@212b5695]" started-at="2022-09-18T12:06:56 IST" name="SetUp" finished-at="2022-09-18T12:06:59 IST" duration-ms="3410" status="PASS">
          <params>
            <param index="0">
              <value>
                <![CDATA[public void testcases.SimplilearnLoginTest.Test2()]]>
              </value>
            </param>
          </params>
          <reporter-output>
          </reporter-output>
        </test-method> <!-- SetUp -->
        <test-method signature="Test2()[pri:0, instance:testcases.SimplilearnLoginTest@212b5695]" started-at="2022-09-18T12:06:59 IST" name="Test2" finished-at="2022-09-18T12:07:07 IST" duration-ms="8271" status="PASS">
          <reporter-output>
          </reporter-output>
        </test-method> <!-- Test2 -->
        <test-method is-config="true" signature="TearDown()[pri:0, instance:testcases.SimplilearnLoginTest@212b5695]" started-at="2022-09-18T12:07:07 IST" name="TearDown" finished-at="2022-09-18T12:07:08 IST" duration-ms="115" status="PASS">
          <reporter-output>
          </reporter-output>
        </test-method> <!-- TearDown -->
        <test-method is-config="true" signature="SetUp(java.lang.reflect.Method)[pri:0, instance:testcases.SimplilearnLoginTest@212b5695]" started-at="2022-09-18T12:07:08 IST" name="SetUp" finished-at="2022-09-18T12:07:11 IST" duration-ms="3531" status="PASS">
          <params>
            <param index="0">
              <value>
                <![CDATA[public void testcases.SimplilearnLoginTest.Test3()]]>
              </value>
            </param>
          </params>
          <reporter-output>
          </reporter-output>
        </test-method> <!-- SetUp -->
        <test-method signature="Test3()[pri:0, instance:testcases.SimplilearnLoginTest@212b5695]" started-at="2022-09-18T12:07:11 IST" name="Test3" finished-at="2022-09-18T12:07:19 IST" duration-ms="7934" status="PASS">
          <reporter-output>
          </reporter-output>
        </test-method> <!-- Test3 -->
        <test-method is-config="true" signature="TearDown()[pri:0, instance:testcases.SimplilearnLoginTest@212b5695]" started-at="2022-09-18T12:07:19 IST" name="TearDown" finished-at="2022-09-18T12:07:21 IST" duration-ms="2443" status="PASS">
          <reporter-output>
          </reporter-output>
        </test-method> <!-- TearDown -->
        <test-method is-config="true" signature="DataClean()[pri:0, instance:testcases.SimplilearnLoginTest@212b5695]" started-at="2022-09-18T12:07:21 IST" name="DataClean" finished-at="2022-09-18T12:07:22 IST" duration-ms="364" status="PASS">
          <reporter-output>
          </reporter-output>
        </test-method> <!-- DataClean -->
      </class> <!-- testcases.SimplilearnLoginTest -->
    </test> <!-- Test -->
  </suite> <!-- Suite -->
</testng-results>
