<?xml version="1.0" encoding="UTF-8"?>
<testng-results ignored="0" total="3" passed="3" failed="0" skipped="0">
  <reporter-output>
  </reporter-output>
  <suite started-at="2022-09-18T10:00:54 IST" name="Suite" finished-at="2022-09-18T10:01:44 IST" duration-ms="49980">
    <groups>
    </groups>
    <test started-at="2022-09-18T10:00:54 IST" name="Test" finished-at="2022-09-18T10:01:44 IST" duration-ms="49980">
      <class name="testcases.SimplilearnLoginTest">
        <test-method is-config="true" signature="DataSetUp()[pri:0, instance:testcases.SimplilearnLoginTest@543588e6]" started-at="2022-09-18T10:00:52 IST" name="DataSetUp" finished-at="2022-09-18T10:00:54 IST" duration-ms="1254" status="PASS">
          <reporter-output>
          </reporter-output>
        </test-method> <!-- DataSetUp -->
        <test-method is-config="true" signature="SetUp(java.lang.reflect.Method)[pri:0, instance:testcases.SimplilearnLoginTest@543588e6]" started-at="2022-09-18T10:00:54 IST" name="SetUp" finished-at="2022-09-18T10:01:01 IST" duration-ms="7407" status="PASS">
          <params>
            <param index="0">
              <value>
                <![CDATA[public void testcases.SimplilearnLoginTest.Test1(java.lang.String,java.lang.String)]]>
              </value>
            </param>
          </params>
          <reporter-output>
          </reporter-output>
        </test-method> <!-- SetUp -->
        <test-method signature="Test1(java.lang.String,java.lang.String)[pri:0, instance:testcases.SimplilearnLoginTest@543588e6]" started-at="2022-09-18T10:01:01 IST" name="Test1" finished-at="2022-09-18T10:01:10 IST" duration-ms="8502" status="PASS">
          <params>
            <param index="0">
              <value>
                <![CDATA[abc@xyz.com]]>
              </value>
            </param>
            <param index="1">
              <value>
                <![CDATA[Abc@1234]]>
              </value>
            </param>
          </params>
          <reporter-output>
          </reporter-output>
        </test-method> <!-- Test1 -->
        <test-method is-config="true" signature="TearDown()[pri:0, instance:testcases.SimplilearnLoginTest@543588e6]" started-at="2022-09-18T10:01:10 IST" name="TearDown" finished-at="2022-09-18T10:01:10 IST" duration-ms="245" status="PASS">
          <reporter-output>
          </reporter-output>
        </test-method> <!-- TearDown -->
        <test-method is-config="true" signature="SetUp(java.lang.reflect.Method)[pri:0, instance:testcases.SimplilearnLoginTest@543588e6]" started-at="2022-09-18T10:01:10 IST" name="SetUp" finished-at="2022-09-18T10:01:14 IST" duration-ms="4449" status="PASS">
          <params>
            <param index="0">
              <value>
                <![CDATA[public void testcases.SimplilearnLoginTest.Test2()]]>
              </value>
            </param>
          </params>
          <reporter-output>
          </reporter-output>
        </test-method> <!-- SetUp -->
        <test-method signature="Test2()[pri:0, instance:testcases.SimplilearnLoginTest@543588e6]" started-at="2022-09-18T10:01:14 IST" name="Test2" finished-at="2022-09-18T10:01:26 IST" duration-ms="11868" status="PASS">
          <reporter-output>
          </reporter-output>
        </test-method> <!-- Test2 -->
        <test-method is-config="true" signature="TearDown()[pri:0, instance:testcases.SimplilearnLoginTest@543588e6]" started-at="2022-09-18T10:01:26 IST" name="TearDown" finished-at="2022-09-18T10:01:26 IST" duration-ms="200" status="PASS">
          <reporter-output>
          </reporter-output>
        </test-method> <!-- TearDown -->
        <test-method is-config="true" signature="SetUp(java.lang.reflect.Method)[pri:0, instance:testcases.SimplilearnLoginTest@543588e6]" started-at="2022-09-18T10:01:26 IST" name="SetUp" finished-at="2022-09-18T10:01:32 IST" duration-ms="5796" status="PASS">
          <params>
            <param index="0">
              <value>
                <![CDATA[public void testcases.SimplilearnLoginTest.Test3()]]>
              </value>
            </param>
          </params>
          <reporter-output>
          </reporter-output>
        </test-method> <!-- SetUp -->
        <test-method signature="Test3()[pri:0, instance:testcases.SimplilearnLoginTest@543588e6]" started-at="2022-09-18T10:01:32 IST" name="Test3" finished-at="2022-09-18T10:01:44 IST" duration-ms="11307" status="PASS">
          <reporter-output>
          </reporter-output>
        </test-method> <!-- Test3 -->
        <test-method is-config="true" signature="TearDown()[pri:0, instance:testcases.SimplilearnLoginTest@543588e6]" started-at="2022-09-18T10:01:44 IST" name="TearDown" finished-at="2022-09-18T10:01:44 IST" duration-ms="152" status="PASS">
          <reporter-output>
          </reporter-output>
        </test-method> <!-- TearDown -->
        <test-method is-config="true" signature="DataClean()[pri:0, instance:testcases.SimplilearnLoginTest@543588e6]" started-at="2022-09-18T10:01:44 IST" name="DataClean" finished-at="2022-09-18T10:01:45 IST" duration-ms="1133" status="PASS">
          <reporter-output>
          </reporter-output>
        </test-method> <!-- DataClean -->
      </class> <!-- testcases.SimplilearnLoginTest -->
    </test> <!-- Test -->
  </suite> <!-- Suite -->
</testng-results>
