<?xml version="1.0" encoding="UTF-8"?>
<testng-results ignored="2" total="6" passed="4" failed="0" skipped="0">
  <reporter-output>
  </reporter-output>
  <suite started-at="2022-09-11T11:12:54 IST" name="Suite" finished-at="2022-09-11T11:13:48 IST" duration-ms="53275">
    <groups>
    </groups>
    <test started-at="2022-09-11T11:12:54 IST" name="Test" finished-at="2022-09-11T11:13:48 IST" duration-ms="53275">
      <class name="testcases.HomeTest">
        <test-method is-config="true" signature="SetUp()[pri:0, instance:testcases.HomeTest@58695725]" started-at="2022-09-11T11:13:41 IST" name="SetUp" finished-at="2022-09-11T11:13:45 IST" duration-ms="3745" status="PASS">
          <reporter-output>
          </reporter-output>
        </test-method> <!-- SetUp -->
        <test-method signature="Test4()[pri:0, instance:testcases.HomeTest@58695725]" started-at="2022-09-11T11:13:45 IST" name="Test4" finished-at="2022-09-11T11:13:45 IST" duration-ms="2" status="PASS">
          <reporter-output>
          </reporter-output>
        </test-method> <!-- Test4 -->
        <test-method is-config="true" signature="TearDown()[pri:0, instance:testcases.HomeTest@58695725]" started-at="2022-09-11T11:13:45 IST" name="TearDown" finished-at="2022-09-11T11:13:48 IST" duration-ms="2865" status="PASS">
          <reporter-output>
          </reporter-output>
        </test-method> <!-- TearDown -->
      </class> <!-- testcases.HomeTest -->
      <class name="testcases.SimplilearnLoginTest">
        <test-method is-config="true" signature="DataSetUp()[pri:0, instance:testcases.SimplilearnLoginTest@1a18644]" started-at="2022-09-11T11:12:53 IST" name="DataSetUp" finished-at="2022-09-11T11:12:54 IST" duration-ms="943" status="PASS">
          <reporter-output>
          </reporter-output>
        </test-method> <!-- DataSetUp -->
        <test-method is-config="true" signature="SetUp()[pri:0, instance:testcases.SimplilearnLoginTest@1a18644]" started-at="2022-09-11T11:12:54 IST" name="SetUp" finished-at="2022-09-11T11:12:59 IST" duration-ms="4614" status="PASS">
          <reporter-output>
          </reporter-output>
        </test-method> <!-- SetUp -->
        <test-method signature="Test1(java.lang.String,java.lang.String)[pri:0, instance:testcases.SimplilearnLoginTest@1a18644]" started-at="2022-09-11T11:12:59 IST" name="Test1" finished-at="2022-09-11T11:13:10 IST" duration-ms="11451" status="PASS">
          <params>
            <param index="0">
              <value>
                <![CDATA[abc@xyz.com]]>
              </value>
            </param>
            <param index="1">
              <value>
                <![CDATA[Abc@1234]]>
              </value>
            </param>
          </params>
          <reporter-output>
          </reporter-output>
        </test-method> <!-- Test1 -->
        <test-method is-config="true" signature="TearDown()[pri:0, instance:testcases.SimplilearnLoginTest@1a18644]" started-at="2022-09-11T11:13:10 IST" name="TearDown" finished-at="2022-09-11T11:13:11 IST" duration-ms="525" status="PASS">
          <reporter-output>
          </reporter-output>
        </test-method> <!-- TearDown -->
        <test-method is-config="true" signature="SetUp()[pri:0, instance:testcases.SimplilearnLoginTest@1a18644]" started-at="2022-09-11T11:13:11 IST" name="SetUp" finished-at="2022-09-11T11:13:16 IST" duration-ms="5232" status="PASS">
          <reporter-output>
          </reporter-output>
        </test-method> <!-- SetUp -->
        <test-method signature="Test2()[pri:0, instance:testcases.SimplilearnLoginTest@1a18644]" started-at="2022-09-11T11:13:16 IST" name="Test2" finished-at="2022-09-11T11:13:28 IST" duration-ms="11568" status="PASS">
          <reporter-output>
          </reporter-output>
        </test-method> <!-- Test2 -->
        <test-method is-config="true" signature="TearDown()[pri:0, instance:testcases.SimplilearnLoginTest@1a18644]" started-at="2022-09-11T11:13:28 IST" name="TearDown" finished-at="2022-09-11T11:13:28 IST" duration-ms="235" status="PASS">
          <reporter-output>
          </reporter-output>
        </test-method> <!-- TearDown -->
        <test-method is-config="true" signature="SetUp()[pri:0, instance:testcases.SimplilearnLoginTest@1a18644]" started-at="2022-09-11T11:13:28 IST" name="SetUp" finished-at="2022-09-11T11:13:33 IST" duration-ms="4596" status="PASS">
          <reporter-output>
          </reporter-output>
        </test-method> <!-- SetUp -->
        <test-method signature="Test3()[pri:0, instance:testcases.SimplilearnLoginTest@1a18644]" started-at="2022-09-11T11:13:33 IST" name="Test3" finished-at="2022-09-11T11:13:41 IST" duration-ms="8198" status="PASS">
          <reporter-output>
          </reporter-output>
        </test-method> <!-- Test3 -->
        <test-method is-config="true" signature="TearDown()[pri:0, instance:testcases.SimplilearnLoginTest@1a18644]" started-at="2022-09-11T11:13:41 IST" name="TearDown" finished-at="2022-09-11T11:13:41 IST" duration-ms="189" status="PASS">
          <reporter-output>
          </reporter-output>
        </test-method> <!-- TearDown -->
        <test-method is-config="true" signature="DataClean()[pri:0, instance:testcases.SimplilearnLoginTest@1a18644]" started-at="2022-09-11T11:13:48 IST" name="DataClean" finished-at="2022-09-11T11:13:48 IST" duration-ms="1" status="PASS">
          <reporter-output>
          </reporter-output>
        </test-method> <!-- DataClean -->
      </class> <!-- testcases.SimplilearnLoginTest -->
    </test> <!-- Test -->
  </suite> <!-- Suite -->
</testng-results>
